<?xml version="1.0" encoding="UTF-8"?>
<!-- Generated by org.testng.reporters.JUnitReportReporter -->
<testsuite skipped="0" hostname="DESKTOP-K6KU3C6" name="practice.TestDataProvider" tests="3" failures="0" timestamp="2023-01-09T21:09:36 ALMT" time="0.204" errors="0">
  <testcase name="testLogin" time="0.003" classname="practice.TestDataProvider"/>
  <system-out/>
  <testcase name="testLogin" time="0.196" classname="practice.TestDataProvider"/>
  <system-out/>
  <testcase name="testLogin" time="0.005" classname="practice.TestDataProvider"/>
  <system-out/>
</testsuite> <!-- practice.TestDataProvider -->
