<?xml version="1.0" encoding="UTF-8"?>
<!-- Generated by org.testng.reporters.JUnitReportReporter -->
<testsuite skipped="0" hostname="DESKTOP-K6KU3C6" name="TestDemo" tests="2" failures="0" timestamp="2023-01-09T21:09:36 ALMT" time="0.849" errors="0">
  <testcase name="testPharmacyTitle" time="0.840" classname="TestDemo"/>
  <system-out/>
  <testcase name="testShops" time="0.009" classname="TestDemo"/>
  <system-out/>
</testsuite> <!-- TestDemo -->
