<?xml version="1.0" encoding="UTF-8"?>
<!-- Generated by org.testng.reporters.JUnitReportReporter -->
<testsuite skipped="0" hostname="DESKTOP-K6KU3C6" name="practice.TestUser" tests="3" failures="0" timestamp="2023-01-09T21:09:36 ALMT" time="0.025" errors="0">
  <testcase name="createNewUserTest" time="0.006" classname="practice.TestUser"/>
  <system-out/>
  <testcase name="checkCreatedUser" time="0.004" classname="practice.TestUser"/>
  <system-out/>
  <testcase name="test1" time="0.015" classname="practice.TestUser"/>
  <system-out/>
</testsuite> <!-- practice.TestUser -->
